#
# A fatal error has been detected by the Java Runtime Environment:
#
#  EXCEPTION_ACCESS_VIOLATION (0xc0000005) at pc=0x00000000668bd56b, pid=8296, tid=0x00000000000024f4
#
# JRE version: Java(TM) SE Runtime Environment (8.0_144-b01) (build 1.8.0_144-b01)
# Java VM: Java HotSpot(TM) 64-Bit Server VM (25.144-b01 mixed mode windows-amd64 compressed oops)
# Problematic frame:
# C  [QtCore4.dll+0x10d56b]
#
# Failed to write core dump. Minidumps are not enabled by default on client versions of Windows
#
# If you would like to submit a bug report, please visit:
#   http://bugreport.java.com/bugreport/crash.jsp
# The crash happened outside the Java Virtual Machine in native code.
# See problematic frame for where to report the bug.
#

---------------  T H R E A D  ---------------

Current thread (0x0000000017aa2000):  JavaThread "Finalizer" daemon [_thread_in_native, id=9460, stack(0x0000000019e80000,0x0000000019f80000)]

siginfo: ExceptionCode=0xc0000005, reading address 0xffffffffffffffff

Registers:
RAX=0x00000000669b0134, RBX=0x0000000064860810, RCX=0x000000001b10c340, RDX=0x000000001b10c340
RSP=0x0000000019f7f030, RBP=0x000000000000000d, RSI=0x000000001b12bfb0, RDI=0x000000001b10c340
R8 =0x0000000000000001, R9 =0x000000001b12c000, R10=0x0000000000000000, R11=0x0000000000000018
R12=0x000000001b2292b0, R13=0x000000001b1f5810, R14=0x000000001b217ae0, R15=0x0000000000000000
RIP=0x00000000668bd56b, EFLAGS=0x0000000000010202

Top of Stack: (sp=0x0000000019f7f030)
0x0000000019f7f030:   0000000000000000 0000000000000000
0x0000000019f7f040:   000000001b2292b0 0000000000000000
0x0000000019f7f050:   000000001b2296a0 000000006463c35b
0x0000000019f7f060:   0000000000000001 0000000077441a0a
0x0000000019f7f070:   000000001b20d5e0 000000001b1f5810
0x0000000019f7f080:   fffffffffffffffe 00000000642b730c
0x0000000019f7f090:   0000000000000000 000000006463c424
0x0000000019f7f0a0:   000000001b217ae0 0000000000000001
0x0000000019f7f0b0:   000000001b12bfb0 000000001b217ae0
0x0000000019f7f0c0:   0000000000000000 00000000642b7e03
0x0000000019f7f0d0:   0000000066a6e0a8 0000000000000001
0x0000000019f7f0e0:   0000000000000001 0000000064613021
0x0000000019f7f0f0:   0000000066a6e0a8 0000000000000001
0x0000000019f7f100:   0000000066a6e0c0 0000000066a6e0c0
0x0000000019f7f110:   0000000000000000 0000000000000000
0x0000000019f7f120:   000000001b0f1230 000000001b115bd0 

Instructions: (pc=0x00000000668bd56b)
0x00000000668bd54b:   c3 cc cc cc cc 48 89 5c 24 08 57 48 83 ec 20 48
0x00000000668bd55b:   8b fa 48 8b d9 48 85 d2 74 18 48 8b 02 48 8b ca
0x00000000668bd56b:   ff 10 0f 1f 00 48 3b c3 74 15 48 8b 00 48 85 c0
0x00000000668bd57b:   75 f3 33 c0 48 8b 5c 24 30 48 83 c4 20 5f c3 48 


Register to memory mapping:

RAX=0x00000000669b0134 is an unknown value
RBX=0x0000000064860810 is an unknown value
RCX=0x000000001b10c340 is an unknown value
RDX=0x000000001b10c340 is an unknown value
RSP=0x0000000019f7f030 is pointing into the stack for thread: 0x0000000017aa2000
RBP=0x000000000000000d is an unknown value
RSI=0x000000001b12bfb0 is an unknown value
RDI=0x000000001b10c340 is an unknown value
R8 =0x0000000000000001 is an unknown value
R9 =0x000000001b12c000 is an unknown value
R10=0x0000000000000000 is an unknown value
R11=0x0000000000000018 is an unknown value
R12=0x000000001b2292b0 is an unknown value
R13=0x000000001b1f5810 is an unknown value
R14=0x000000001b217ae0 is an unknown value
R15=0x0000000000000000 is an unknown value


Stack: [0x0000000019e80000,0x0000000019f80000],  sp=0x0000000019f7f030,  free space=1020k
Native frames: (J=compiled Java code, j=interpreted, Vv=VM code, C=native code)
C  [QtCore4.dll+0x10d56b]
C  [QtGui4.dll+0x3dc35b]
C  [QtGui4.dll+0x3dc424]
C  [QtGui4.dll+0x57e03]
C  [QtGui4.dll+0x3d9e45]
C  [QtCore4.dll+0x11ab73]
C  [QtGui4.dll+0x580f8]
C  [com_trolltech_qt_gui.dll+0x1d7395]
C  [qtjambi.dll+0x1644a]
C  [qtjambi.dll+0x15d0e]
C  [qtjambi.dll+0x17011]
C  0x0000000002a37f74

Java frames: (J=compiled Java code, j=interpreted, Vv=VM code)
j  com.trolltech.qt.internal.QtJambiObject.finalize()V+0
J 393 C1 java.lang.ref.Finalizer.runFinalizer(Lsun/misc/JavaLangAccess;)V (62 bytes) @ 0x0000000002bf6acc [0x0000000002bf6540+0x58c]
J 392 C1 java.lang.ref.Finalizer.access$100(Ljava/lang/ref/Finalizer;Lsun/misc/JavaLangAccess;)V (6 bytes) @ 0x0000000002bf031c [0x0000000002bf02c0+0x5c]
j  java.lang.ref.Finalizer$FinalizerThread.run()V+45
v  ~StubRoutines::call_stub

---------------  P R O C E S S  ---------------

Java Threads: ( => current thread )
  0x0000000018d06800 JavaThread "qtjambi-com.trolltech.qt.QtJambi_LibraryShutdown" [_thread_blocked, id=7428, stack(0x000000001df50000,0x000000001e050000)]
  0x000000000019f000 JavaThread "DestroyJavaVM" [_thread_blocked, id=1356, stack(0x0000000002650000,0x0000000002750000)]
  0x000000001b50e800 JavaThread "Thread-2" daemon [_thread_in_native, id=7824, stack(0x000000001d4c0000,0x000000001d5c0000)]
  0x0000000018cf7000 JavaThread "Service Thread" daemon [_thread_blocked, id=5912, stack(0x000000001a960000,0x000000001aa60000)]
  0x0000000018c93000 JavaThread "C1 CompilerThread3" daemon [_thread_blocked, id=3720, stack(0x000000001a240000,0x000000001a340000)]
  0x0000000018c72800 JavaThread "C2 CompilerThread2" daemon [_thread_blocked, id=8896, stack(0x000000001a7f0000,0x000000001a8f0000)]
  0x0000000018c6a800 JavaThread "C2 CompilerThread1" daemon [_thread_blocked, id=4600, stack(0x000000001a660000,0x000000001a760000)]
  0x0000000018c65000 JavaThread "C2 CompilerThread0" daemon [_thread_blocked, id=7900, stack(0x000000001a550000,0x000000001a650000)]
  0x0000000018c62000 JavaThread "Attach Listener" daemon [_thread_blocked, id=5736, stack(0x000000001a400000,0x000000001a500000)]
  0x0000000018c61000 JavaThread "Signal Dispatcher" daemon [_thread_blocked, id=8292, stack(0x000000001a140000,0x000000001a240000)]
=>0x0000000017aa2000 JavaThread "Finalizer" daemon [_thread_in_native, id=9460, stack(0x0000000019e80000,0x0000000019f80000)]
  0x0000000017a9b000 JavaThread "Reference Handler" daemon [_thread_blocked, id=9456, stack(0x0000000019d40000,0x0000000019e40000)]

Other Threads:
  0x0000000018c12800 VMThread [stack: 0x0000000019c00000,0x0000000019d00000] [id=9448]
  0x0000000018d1d800 WatcherThread [stack: 0x000000001ab70000,0x000000001ac70000] [id=9472]

VM state:at safepoint (normal execution)

VM Mutex/Monitor currently owned by a thread:  ([mutex/lock_event])
[0x000000000019cab0] Threads_lock - owner thread: 0x0000000018c12800
[0x000000000019cfb0] Heap_lock - owner thread: 0x0000000018d06800

Heap:
 PSYoungGen      total 38400K, used 1220K [0x00000000d5b80000, 0x00000000d8600000, 0x0000000100000000)
  eden space 33280K, 3% used [0x00000000d5b80000,0x00000000d5cb1318,0x00000000d7c00000)
  from space 5120K, 0% used [0x00000000d8100000,0x00000000d8100000,0x00000000d8600000)
  to   space 5120K, 1% used [0x00000000d7c00000,0x00000000d7c10000,0x00000000d8100000)
 ParOldGen       total 87552K, used 1243K [0x0000000081200000, 0x0000000086780000, 0x00000000d5b80000)
  object space 87552K, 1% used [0x0000000081200000,0x0000000081336f20,0x0000000086780000)
 Metaspace       used 7500K, capacity 7584K, committed 7808K, reserved 1056768K
  class space    used 819K, capacity 848K, committed 896K, reserved 1048576K

Card table byte_map: [0x0000000011de0000,0x00000000121e0000] byte_map_base: 0x00000000119d7000

Marking Bits: (ParMarkBitMap*) 0x0000000070c4d850
 Begin Bits: [0x0000000012d40000, 0x0000000014cf8000)
 End Bits:   [0x0000000014cf8000, 0x0000000016cb0000)

Polling page: 0x0000000000130000

CodeCache: size=245760Kb used=1899Kb max_used=1910Kb free=243860Kb
 bounds [0x0000000002a20000, 0x0000000002c90000, 0x0000000011a20000]
 total_blobs=719 nmethods=401 adapters=231
 compilation: enabled

Compilation events (10 events):
Event: 10.659 Thread 0x0000000018c93000  395       3       java.lang.System$2::invokeFinalize (5 bytes)
Event: 10.659 Thread 0x0000000018c93000 nmethod 395 0x0000000002bf77d0 code [0x0000000002bf7940, 0x0000000002bf7b68]
Event: 10.659 Thread 0x0000000018c93000  397       3       java.lang.ref.Reference::clear (6 bytes)
Event: 10.659 Thread 0x0000000018c93000 nmethod 397 0x0000000002bf7c10 code [0x0000000002bf7d60, 0x0000000002bf7ed0]
Event: 10.659 Thread 0x0000000018c93000  396       3       java.lang.ref.Finalizer::hasBeenFinalized (14 bytes)
Event: 10.659 Thread 0x0000000018c93000 nmethod 396 0x0000000002bf7f50 code [0x0000000002bf80a0, 0x0000000002bf8250]
Event: 10.669 Thread 0x0000000018c93000  398       3       java.lang.reflect.Field::getFieldAccessor (35 bytes)
Event: 10.669 Thread 0x0000000018c93000 nmethod 398 0x0000000002bfa0d0 code [0x0000000002bfa240, 0x0000000002bfa488]
Event: 10.669 Thread 0x0000000018c93000  399       3       java.lang.Class::forName (53 bytes)
Event: 10.669 Thread 0x0000000018c93000 nmethod 399 0x0000000002bfa510 code [0x0000000002bfa6e0, 0x0000000002bfae08]

GC Heap History (8 events):
Event: 10.608 GC heap before
{Heap before GC invocations=1 (full 0):
 PSYoungGen      total 38400K, used 14062K [0x00000000d5b80000, 0x00000000d8600000, 0x0000000100000000)
  eden space 33280K, 42% used [0x00000000d5b80000,0x00000000d693b998,0x00000000d7c00000)
  from space 5120K, 0% used [0x00000000d8100000,0x00000000d8100000,0x00000000d8600000)
  to   space 5120K, 0% used [0x00000000d7c00000,0x00000000d7c00000,0x00000000d8100000)
 ParOldGen       total 87552K, used 0K [0x0000000081200000, 0x0000000086780000, 0x00000000d5b80000)
  object space 87552K, 0% used [0x0000000081200000,0x0000000081200000,0x0000000086780000)
 Metaspace       used 7366K, capacity 7520K, committed 7808K, reserved 1056768K
  class space    used 804K, capacity 848K, committed 896K, reserved 1048576K
Event: 10.631 GC heap after
Heap after GC invocations=1 (full 0):
 PSYoungGen      total 38400K, used 3030K [0x00000000d5b80000, 0x00000000d8600000, 0x0000000100000000)
  eden space 33280K, 0% used [0x00000000d5b80000,0x00000000d5b80000,0x00000000d7c00000)
  from space 5120K, 59% used [0x00000000d7c00000,0x00000000d7ef5990,0x00000000d8100000)
  to   space 5120K, 0% used [0x00000000d8100000,0x00000000d8100000,0x00000000d8600000)
 ParOldGen       total 87552K, used 72K [0x0000000081200000, 0x0000000086780000, 0x00000000d5b80000)
  object space 87552K, 0% used [0x0000000081200000,0x0000000081212010,0x0000000086780000)
 Metaspace       used 7366K, capacity 7520K, committed 7808K, reserved 1056768K
  class space    used 804K, capacity 848K, committed 896K, reserved 1048576K
}
Event: 10.631 GC heap before
{Heap before GC invocations=2 (full 1):
 PSYoungGen      total 38400K, used 3030K [0x00000000d5b80000, 0x00000000d8600000, 0x0000000100000000)
  eden space 33280K, 0% used [0x00000000d5b80000,0x00000000d5b80000,0x00000000d7c00000)
  from space 5120K, 59% used [0x00000000d7c00000,0x00000000d7ef5990,0x00000000d8100000)
  to   space 5120K, 0% used [0x00000000d8100000,0x00000000d8100000,0x00000000d8600000)
 ParOldGen       total 87552K, used 72K [0x0000000081200000, 0x0000000086780000, 0x00000000d5b80000)
  object space 87552K, 0% used [0x0000000081200000,0x0000000081212010,0x0000000086780000)
 Metaspace       used 7366K, capacity 7520K, committed 7808K, reserved 1056768K
  class space    used 804K, capacity 848K, committed 896K, reserved 1048576K
Event: 10.655 GC heap after
Heap after GC invocations=2 (full 1):
 PSYoungGen      total 38400K, used 0K [0x00000000d5b80000, 0x00000000d8600000, 0x0000000100000000)
  eden space 33280K, 0% used [0x00000000d5b80000,0x00000000d5b80000,0x00000000d7c00000)
  from space 5120K, 0% used [0x00000000d7c00000,0x00000000d7c00000,0x00000000d8100000)
  to   space 5120K, 0% used [0x00000000d8100000,0x00000000d8100000,0x00000000d8600000)
 ParOldGen       total 87552K, used 2851K [0x0000000081200000, 0x0000000086780000, 0x00000000d5b80000)
  object space 87552K, 3% used [0x0000000081200000,0x00000000814c8ce8,0x0000000086780000)
 Metaspace       used 7366K, capacity 7520K, committed 7808K, reserved 1056768K
  class space    used 804K, capacity 848K, committed 896K, reserved 1048576K
}
Event: 10.670 GC heap before
{Heap before GC invocations=3 (full 1):
 PSYoungGen      total 38400K, used 2330K [0x00000000d5b80000, 0x00000000d8600000, 0x0000000100000000)
  eden space 33280K, 7% used [0x00000000d5b80000,0x00000000d5dc69d8,0x00000000d7c00000)
  from space 5120K, 0% used [0x00000000d7c00000,0x00000000d7c00000,0x00000000d8100000)
  to   space 5120K, 0% used [0x00000000d8100000,0x00000000d8100000,0x00000000d8600000)
 ParOldGen       total 87552K, used 2851K [0x0000000081200000, 0x0000000086780000, 0x00000000d5b80000)
  object space 87552K, 3% used [0x0000000081200000,0x00000000814c8ce8,0x0000000086780000)
 Metaspace       used 7460K, capacity 7584K, committed 7808K, reserved 1056768K
  class space    used 813K, capacity 848K, committed 896K, reserved 1048576K
Event: 10.670 GC heap after
Heap after GC invocations=3 (full 1):
 PSYoungGen      total 38400K, used 224K [0x00000000d5b80000, 0x00000000d8600000, 0x0000000100000000)
  eden space 33280K, 0% used [0x00000000d5b80000,0x00000000d5b80000,0x00000000d7c00000)
  from space 5120K, 4% used [0x00000000d8100000,0x00000000d8138000,0x00000000d8600000)
  to   space 5120K, 0% used [0x00000000d7c00000,0x00000000d7c00000,0x00000000d8100000)
 ParOldGen       total 87552K, used 2851K [0x0000000081200000, 0x0000000086780000, 0x00000000d5b80000)
  object space 87552K, 3% used [0x0000000081200000,0x00000000814c8ce8,0x0000000086780000)
 Metaspace       used 7460K, capacity 7584K, committed 7808K, reserved 1056768K
  class space    used 813K, capacity 848K, committed 896K, reserved 1048576K
}
Event: 10.670 GC heap before
{Heap before GC invocations=4 (full 2):
 PSYoungGen      total 38400K, used 224K [0x00000000d5b80000, 0x00000000d8600000, 0x0000000100000000)
  eden space 33280K, 0% used [0x00000000d5b80000,0x00000000d5b80000,0x00000000d7c00000)
  from space 5120K, 4% used [0x00000000d8100000,0x00000000d8138000,0x00000000d8600000)
  to   space 5120K, 0% used [0x00000000d7c00000,0x00000000d7c00000,0x00000000d8100000)
 ParOldGen       total 87552K, used 2851K [0x0000000081200000, 0x0000000086780000, 0x00000000d5b80000)
  object space 87552K, 3% used [0x0000000081200000,0x00000000814c8ce8,0x0000000086780000)
 Metaspace       used 7460K, capacity 7584K, committed 7808K, reserved 1056768K
  class space    used 813K, capacity 848K, committed 896K, reserved 1048576K
Event: 10.681 GC heap after
Heap after GC invocations=4 (full 2):
 PSYoungGen      total 38400K, used 0K [0x00000000d5b80000, 0x00000000d8600000, 0x0000000100000000)
  eden space 33280K, 0% used [0x00000000d5b80000,0x00000000d5b80000,0x00000000d7c00000)
  from space 5120K, 0% used [0x00000000d8100000,0x00000000d8100000,0x00000000d8600000)
  to   space 5120K, 0% used [0x00000000d7c00000,0x00000000d7c00000,0x00000000d8100000)
 ParOldGen       total 87552K, used 1243K [0x0000000081200000, 0x0000000086780000, 0x00000000d5b80000)
  object space 87552K, 1% used [0x0000000081200000,0x0000000081336f20,0x0000000086780000)
 Metaspace       used 7460K, capacity 7584K, committed 7808K, reserved 1056768K
  class space    used 813K, capacity 848K, committed 896K, reserved 1048576K
}

Deoptimization events (0 events):
No events

Internal exceptions (10 events):
Event: 0.086 Thread 0x000000000019f000 Exception <a 'java/io/IOException'> (0x00000000d5d06a78) thrown at [C:\re\workspace\8-2-build-windows-amd64-cygwin\jdk8u144\9417\hotspot\src\share\vm\prims\jni.cpp, line 709]
Event: 0.086 Thread 0x000000000019f000 Exception <a 'java/io/IOException'> (0x00000000d5d06d08) thrown at [C:\re\workspace\8-2-build-windows-amd64-cygwin\jdk8u144\9417\hotspot\src\share\vm\prims\jni.cpp, line 709]
Event: 0.086 Thread 0x000000000019f000 Exception <a 'java/io/IOException'> (0x00000000d5d06f68) thrown at [C:\re\workspace\8-2-build-windows-amd64-cygwin\jdk8u144\9417\hotspot\src\share\vm\prims\jni.cpp, line 709]
Event: 0.097 Thread 0x000000000019f000 Exception <a 'java/security/PrivilegedActionException'> (0x00000000d5d7fb48) thrown at [C:\re\workspace\8-2-build-windows-amd64-cygwin\jdk8u144\9417\hotspot\src\share\vm\prims\jvm.cpp, line 1390]
Event: 0.097 Thread 0x000000000019f000 Exception <a 'java/security/PrivilegedActionException'> (0x00000000d5d7fd58) thrown at [C:\re\workspace\8-2-build-windows-amd64-cygwin\jdk8u144\9417\hotspot\src\share\vm\prims\jvm.cpp, line 1390]
Event: 0.098 Thread 0x000000000019f000 Exception <a 'java/security/PrivilegedActionException'> (0x00000000d5d839c8) thrown at [C:\re\workspace\8-2-build-windows-amd64-cygwin\jdk8u144\9417\hotspot\src\share\vm\prims\jvm.cpp, line 1390]
Event: 0.098 Thread 0x000000000019f000 Exception <a 'java/security/PrivilegedActionException'> (0x00000000d5d83bd8) thrown at [C:\re\workspace\8-2-build-windows-amd64-cygwin\jdk8u144\9417\hotspot\src\share\vm\prims\jvm.cpp, line 1390]
Event: 0.172 Thread 0x000000000019f000 Exception <a 'java/lang/ArrayIndexOutOfBoundsException'> (0x00000000d5ff4058) thrown at [C:\re\workspace\8-2-build-windows-amd64-cygwin\jdk8u144\9417\hotspot\src\share\vm\runtime\sharedRuntime.cpp, line 605]
Event: 0.172 Thread 0x000000000019f000 Exception <a 'java/lang/ArrayIndexOutOfBoundsException'> (0x00000000d5ff4f00) thrown at [C:\re\workspace\8-2-build-windows-amd64-cygwin\jdk8u144\9417\hotspot\src\share\vm\runtime\sharedRuntime.cpp, line 605]
Event: 0.173 Thread 0x000000000019f000 Exception <a 'java/lang/ArrayIndexOutOfBoundsException'> (0x00000000d5fff8f0) thrown at [C:\re\workspace\8-2-build-windows-amd64-cygwin\jdk8u144\9417\hotspot\src\share\vm\runtime\sharedRuntime.cpp, line 605]

Events (10 events):
Event: 10.666 loading class sun/reflect/UnsafeStaticObjectFieldAccessorImpl
Event: 10.666 loading class sun/reflect/UnsafeStaticObjectFieldAccessorImpl done
Event: 10.669 loading class com/trolltech/qt/gui/QBrush
Event: 10.669 loading class com/trolltech/qt/gui/QBrush done
Event: 10.670 Executing VM operation: ParallelGCSystemGC
Event: 10.681 Executing VM operation: ParallelGCSystemGC done
Event: 10.681 Thread 0x0000000018d07000 Thread added: 0x0000000018d07000
Event: 10.682 Thread 0x0000000018d07000 Thread exited: 0x0000000018d07000
Event: 10.682 loading class com/trolltech/qt/internal/fileengine/JarCache
Event: 10.682 loading class com/trolltech/qt/internal/fileengine/JarCache done


Dynamic libraries:
0x000000013f4b0000 - 0x000000013f4e7000 	C:\Program Files\Java\jre1.8.0_144\bin\javaw.exe
0x0000000077540000 - 0x00000000776ea000 	C:\windows\SYSTEM32\ntdll.dll
0x0000000077420000 - 0x000000007753f000 	C:\windows\system32\kernel32.dll
0x000007fefd410000 - 0x000007fefd47a000 	C:\windows\system32\KERNELBASE.dll
0x000007fefdc10000 - 0x000007fefdceb000 	C:\windows\system32\ADVAPI32.dll
0x000007fefd980000 - 0x000007fefda1f000 	C:\windows\system32\msvcrt.dll
0x000007fefe170000 - 0x000007fefe18f000 	C:\windows\SYSTEM32\sechost.dll
0x000007fefe500000 - 0x000007fefe62d000 	C:\windows\system32\RPCRT4.dll
0x0000000077320000 - 0x000000007741a000 	C:\windows\system32\USER32.dll
0x000007fefdba0000 - 0x000007fefdc07000 	C:\windows\system32\GDI32.dll
0x000007fefe640000 - 0x000007fefe64e000 	C:\windows\system32\LPK.dll
0x000007fefdf20000 - 0x000007fefdfeb000 	C:\windows\system32\USP10.dll
0x000007fefb9b0000 - 0x000007fefbba4000 	C:\windows\WinSxS\amd64_microsoft.windows.common-controls_6595b64144ccf1df_6.0.7601.18837_none_fa3b1e3d17594757\COMCTL32.dll
0x000007fefe7e0000 - 0x000007fefe851000 	C:\windows\system32\SHLWAPI.dll
0x000007fefdcf0000 - 0x000007fefdd1e000 	C:\windows\system32\IMM32.DLL
0x000007fefda20000 - 0x000007fefdb29000 	C:\windows\system32\MSCTF.dll
0x0000000078dd0000 - 0x0000000078ea2000 	C:\Program Files\Java\jre1.8.0_144\bin\msvcr100.dll
0x0000000070430000 - 0x0000000070ccd000 	C:\Program Files\Java\jre1.8.0_144\bin\server\jvm.dll
0x000007fef1990000 - 0x000007fef1999000 	C:\windows\system32\WSOCK32.dll
0x000007fefdb30000 - 0x000007fefdb7d000 	C:\windows\system32\WS2_32.dll
0x000007fefe630000 - 0x000007fefe638000 	C:\windows\system32\NSI.dll
0x000007fefae00000 - 0x000007fefae3b000 	C:\windows\system32\WINMM.dll
0x000007fefc310000 - 0x000007fefc31c000 	C:\windows\system32\VERSION.dll
0x0000000077710000 - 0x0000000077717000 	C:\windows\system32\PSAPI.DLL
0x0000000065970000 - 0x000000006597f000 	C:\Program Files\Java\jre1.8.0_144\bin\verify.dll
0x0000000052c60000 - 0x0000000052c89000 	C:\Program Files\Java\jre1.8.0_144\bin\java.dll
0x0000000053200000 - 0x0000000053216000 	C:\Program Files\Java\jre1.8.0_144\bin\zip.dll
0x000007fefe8e0000 - 0x000007feff66b000 	C:\windows\system32\SHELL32.dll
0x000007fefdd20000 - 0x000007fefdf1c000 	C:\windows\system32\ole32.dll
0x000007fefd240000 - 0x000007fefd24f000 	C:\windows\system32\profapi.dll
0x00000000667b0000 - 0x0000000066a8e000 	C:\Users\SARPROJA\AppData\Local\Temp\QtJambi_SARPROJA_amd64_4.8.7_msvc2013x64-20150908-1314\lib\QtCore4.dll
0x000007fed4150000 - 0x000007fed41f6000 	C:\Program Files\Java\jre1.8.0_144\bin\MSVCP120.dll
0x000007fed3450000 - 0x000007fed353f000 	C:\Program Files\Java\jre1.8.0_144\bin\MSVCR120.dll
0x000007feec640000 - 0x000007feec680000 	C:\Users\SARPROJA\AppData\Local\Temp\QtJambi_SARPROJA_amd64_4.8.7_msvc2013x64-20150908-1314\lib\qtjambi.dll
0x000007fed1ae0000 - 0x000007fed1c0f000 	C:\Users\SARPROJA\AppData\Local\Temp\QtJambi_SARPROJA_amd64_4.8.7_msvc2013x64-20150908-1314\lib\com_trolltech_qt_core.dll
0x0000000064260000 - 0x0000000064bce000 	C:\Users\SARPROJA\AppData\Local\Temp\QtJambi_SARPROJA_amd64_4.8.7_msvc2013x64-20150908-1314\lib\QtGui4.dll
0x000007fefe190000 - 0x000007fefe227000 	C:\windows\system32\COMDLG32.dll
0x000007fefdff0000 - 0x000007fefe0ca000 	C:\windows\system32\OLEAUT32.dll
0x000007fefac00000 - 0x000007fefac71000 	C:\windows\system32\WINSPOOL.DRV
0x000007fed13b0000 - 0x000007fed1adf000 	C:\Users\SARPROJA\AppData\Local\Temp\QtJambi_SARPROJA_amd64_4.8.7_msvc2013x64-20150908-1314\lib\com_trolltech_qt_gui.dll
0x000007fefb7d0000 - 0x000007fefb826000 	C:\windows\system32\uxtheme.dll
0x000007fefaf40000 - 0x000007fefaf58000 	C:\windows\system32\dwmapi.dll
0x000007fefd090000 - 0x000007fefd09f000 	C:\windows\system32\CRYPTBASE.dll
0x000007fed7b20000 - 0x000007fed7ced000 	C:\windows\system32\wintab32.dll
0x000007fefaf70000 - 0x000007fefaf81000 	C:\windows\system32\WTSAPI32.dll
0x000007fef8e40000 - 0x000007fef9022000 	C:\windows\system32\Wacom_Tablet.dll
0x000007fefca20000 - 0x000007fefca38000 	C:\windows\system32\CRYPTSP.dll
0x000007fefc720000 - 0x000007fefc767000 	C:\windows\system32\rsaenh.dll
0x000007fefd180000 - 0x000007fefd194000 	C:\windows\system32\RpcRtRemote.dll
0x000007fefe0d0000 - 0x000007fefe169000 	C:\windows\system32\CLBCatQ.DLL
0x000007feecfe0000 - 0x000007feecfed000 	C:\Users\SARPROJA\AppData\Local\Temp\QtJambi_SARPROJA_amd64_4.8.7_msvc2013x64-20150908-1314\plugins\imageformats\qgif4.dll
0x000007feecfd0000 - 0x000007feecfde000 	C:\Users\SARPROJA\AppData\Local\Temp\QtJambi_SARPROJA_amd64_4.8.7_msvc2013x64-20150908-1314\plugins\imageformats\qico4.dll
0x000007feec710000 - 0x000007feec74d000 	C:\Users\SARPROJA\AppData\Local\Temp\QtJambi_SARPROJA_amd64_4.8.7_msvc2013x64-20150908-1314\plugins\imageformats\qjpeg4.dll
0x000007fed7f20000 - 0x000007fed7f69000 	C:\Users\SARPROJA\AppData\Local\Temp\QtJambi_SARPROJA_amd64_4.8.7_msvc2013x64-20150908-1314\plugins\imageformats\qmng4.dll
0x000007fed77f0000 - 0x000007fed784b000 	C:\Users\SARPROJA\AppData\Local\Temp\QtJambi_SARPROJA_amd64_4.8.7_msvc2013x64-20150908-1314\plugins\imageformats\qtiff4.dll
0x000007fefa700000 - 0x000007fefa7a0000 	C:\windows\WinSxS\amd64_microsoft.windows.common-controls_6595b64144ccf1df_5.82.7601.18837_none_a4d981ff711297b6\comctl32.dll
0x000007feecba0000 - 0x000007feeccc5000 	C:\windows\system32\dbghelp.dll

VM Arguments:
java_command: C:\Users\SARPROJA\Google Drive\Personnel\Java\jElecLum\JElecLum.jar
java_class_path (initial): C:\Users\SARPROJA\Google Drive\Personnel\Java\jElecLum\JElecLum.jar
Launcher Type: SUN_STANDARD

Environment Variables:
PATH=C:\Program Files (x86)\PC Connectivity Solution\;C:\Program Files\ImageMagick-6.9.3-Q16;C:\Software\Octave-3.6.4\bin;C:\Program Files (x86)\Qucs\bin;C:\ProgramData\Oracle\Java\javapath;C:\Program Files (x86)\Gtk+\bin;C:\Python27\;C:\Python34\;c:\Program Files (x86)\Intel\iCLS Client\;c:\Program Files\Intel\iCLS Client\;C:\windows\system32;C:\windows;C:\windows\System32\Wbem;C:\windows\System32\WindowsPowerShell\v1.0\;C:\Program Files (x86)\Common Files\Alpi Shared\;C:\Program Files (x86)\Common Files\ALPI Shared;C:\GTK-32bit-3-6-4\bin;C:\Program Files\Intel\Intel(R) Management Engine Components\DAL;C:\Program Files (x86)\Intel\Intel(R) Management Engine Components\DAL;C:\Program Files\Intel\Intel(R) Management Engine Components\IPT;C:\Program Files (x86)\Intel\Intel(R) Management Engine Components\IPT;C:\MinGW\bin\;C:\Program Files (x86)\Autodesk\Backburner\;C:\Program Files (x86)\Common Files\Autodesk Shared\;C:\Program Files (x86)\mingw32\bin;c:\iverilog\bin;c:\iverilog\gtkwave\bin;c:\curl.exe;C:\Python34\Scripts\;C:\curl.exe
USERNAME=SARPROJA
OS=Windows_NT
PROCESSOR_IDENTIFIER=Intel64 Family 6 Model 60 Stepping 3, GenuineIntel



---------------  S Y S T E M  ---------------

OS: Windows 7 , 64 bit Build 7601 (6.1.7601.23864)

CPU:total 8 (initial active 8) (4 cores per cpu, 2 threads per core) family 6 model 60 stepping 3, cmov, cx8, fxsr, mmx, sse, sse2, sse3, ssse3, sse4.1, sse4.2, popcnt, avx, avx2, aes, clmul, erms, rtm, lzcnt, ht, tsc, tscinvbit, bmi1, bmi2

Memory: 4k page, physical 8309688k(2243372k free), swap 16617516k(8268556k free)

vm_info: Java HotSpot(TM) 64-Bit Server VM (25.144-b01) for windows-amd64 JRE (1.8.0_144-b01), built on Jul 21 2017 21:57:33 by "java_re" with MS VC++ 10.0 (VS2010)

time: Thu Sep 07 15:23:42 2017
elapsed time: 10 seconds (0d 0h 0m 10s)

