#
# A fatal error has been detected by the Java Runtime Environment:
#
#  EXCEPTION_ACCESS_VIOLATION (0xc0000005) at pc=0x00000000668bd56b, pid=7696, tid=0x0000000000002278
#
# JRE version: Java(TM) SE Runtime Environment (8.0_144-b01) (build 1.8.0_144-b01)
# Java VM: Java HotSpot(TM) 64-Bit Server VM (25.144-b01 mixed mode windows-amd64 compressed oops)
# Problematic frame:
# C  [QtCore4.dll+0x10d56b]
#
# Failed to write core dump. Minidumps are not enabled by default on client versions of Windows
#
# If you would like to submit a bug report, please visit:
#   http://bugreport.java.com/bugreport/crash.jsp
# The crash happened outside the Java Virtual Machine in native code.
# See problematic frame for where to report the bug.
#

---------------  T H R E A D  ---------------

Current thread (0x0000000017aae000):  JavaThread "Finalizer" daemon [_thread_in_native, id=8824, stack(0x0000000019d40000,0x0000000019e40000)]

siginfo: ExceptionCode=0xc0000005, reading address 0xffffffffffffffff

Registers:
RAX=0x00000000669b0134, RBX=0x0000000064860810, RCX=0x000000001ae8c320, RDX=0x000000001ae8c320
RSP=0x0000000019e3f100, RBP=0x000000000000000d, RSI=0x000000001aeab1f0, RDI=0x000000001ae8c320
R8 =0x0000000000000001, R9 =0x000000001aeab240, R10=0x0000000000000000, R11=0x0000000000000018
R12=0x000000001afa2740, R13=0x000000001af73250, R14=0x000000001afac650, R15=0x0000000000000000
RIP=0x00000000668bd56b, EFLAGS=0x0000000000010202

Top of Stack: (sp=0x0000000019e3f100)
0x0000000019e3f100:   0000000000000000 0000000000000000
0x0000000019e3f110:   000000001afa2740 0000000000000000
0x0000000019e3f120:   000000001afa2b30 000000006463c35b
0x0000000019e3f130:   0000000000000001 0000000077441a0a
0x0000000019e3f140:   000000001af8d310 000000001af73250
0x0000000019e3f150:   fffffffffffffffe 00000000642b730c
0x0000000019e3f160:   0000000000000000 000000006463c424
0x0000000019e3f170:   000000001afac650 0000000000000001
0x0000000019e3f180:   000000001aeab1f0 000000001afac650
0x0000000019e3f190:   0000000000000000 00000000642b7e03
0x0000000019e3f1a0:   0000000066a6e0a8 0000000000000001
0x0000000019e3f1b0:   0000000000000001 0000000064613021
0x0000000019e3f1c0:   0000000066a6e0a8 0000000000000001
0x0000000019e3f1d0:   0000000066a6e0c0 0000000066a6e0c0
0x0000000019e3f1e0:   0000000000000000 0000000000000000
0x0000000019e3f1f0:   000000001ae71230 000000001ae94f70 

Instructions: (pc=0x00000000668bd56b)
0x00000000668bd54b:   c3 cc cc cc cc 48 89 5c 24 08 57 48 83 ec 20 48
0x00000000668bd55b:   8b fa 48 8b d9 48 85 d2 74 18 48 8b 02 48 8b ca
0x00000000668bd56b:   ff 10 0f 1f 00 48 3b c3 74 15 48 8b 00 48 85 c0
0x00000000668bd57b:   75 f3 33 c0 48 8b 5c 24 30 48 83 c4 20 5f c3 48 


Register to memory mapping:

RAX=0x00000000669b0134 is an unknown value
RBX=0x0000000064860810 is an unknown value
RCX=0x000000001ae8c320 is an unknown value
RDX=0x000000001ae8c320 is an unknown value
RSP=0x0000000019e3f100 is pointing into the stack for thread: 0x0000000017aae000
RBP=0x000000000000000d is an unknown value
RSI=0x000000001aeab1f0 is an unknown value
RDI=0x000000001ae8c320 is an unknown value
R8 =0x0000000000000001 is an unknown value
R9 =0x000000001aeab240 is an unknown value
R10=0x0000000000000000 is an unknown value
R11=0x0000000000000018 is an unknown value
R12=0x000000001afa2740 is an unknown value
R13=0x000000001af73250 is an unknown value
R14=0x000000001afac650 is an unknown value
R15=0x0000000000000000 is an unknown value


Stack: [0x0000000019d40000,0x0000000019e40000],  sp=0x0000000019e3f100,  free space=1020k
Native frames: (J=compiled Java code, j=interpreted, Vv=VM code, C=native code)
C  [QtCore4.dll+0x10d56b]
C  [QtGui4.dll+0x3dc35b]
C  [QtGui4.dll+0x3dc424]
C  [QtGui4.dll+0x57e03]
C  [QtGui4.dll+0x3d9e45]
C  [QtCore4.dll+0x11ab73]
C  [QtGui4.dll+0x580f8]
C  [com_trolltech_qt_gui.dll+0x1d7395]
C  [qtjambi.dll+0x1644a]
C  [qtjambi.dll+0x15d0e]
C  [qtjambi.dll+0x17011]
C  0x0000000002a17f74

Java frames: (J=compiled Java code, j=interpreted, Vv=VM code)
j  com.trolltech.qt.internal.QtJambiObject.finalize()V+0
J 397 C1 java.lang.ref.Finalizer.runFinalizer(Lsun/misc/JavaLangAccess;)V (62 bytes) @ 0x0000000002bf6c8c [0x0000000002bf6700+0x58c]
J 396 C1 java.lang.ref.Finalizer.access$100(Ljava/lang/ref/Finalizer;Lsun/misc/JavaLangAccess;)V (6 bytes) @ 0x0000000002bf639c [0x0000000002bf6340+0x5c]
j  java.lang.ref.Finalizer$FinalizerThread.run()V+45
v  ~StubRoutines::call_stub

---------------  P R O C E S S  ---------------

Java Threads: ( => current thread )
  0x000000001b150000 JavaThread "qtjambi-com.trolltech.qt.QtJambi_LibraryShutdown" [_thread_blocked, id=4600, stack(0x000000001ecd0000,0x000000001edd0000)]
  0x00000000023af000 JavaThread "DestroyJavaVM" [_thread_blocked, id=8420, stack(0x0000000002630000,0x0000000002730000)]
  0x000000001b4d4000 JavaThread "Thread-2" daemon [_thread_in_native, id=5736, stack(0x000000001ea00000,0x000000001eb00000)]
  0x0000000018d09800 JavaThread "Service Thread" daemon [_thread_blocked, id=1324, stack(0x000000001aa90000,0x000000001ab90000)]
  0x0000000018c87800 JavaThread "C1 CompilerThread3" daemon [_thread_blocked, id=6064, stack(0x000000001a970000,0x000000001aa70000)]
  0x0000000018c87000 JavaThread "C2 CompilerThread2" daemon [_thread_blocked, id=5528, stack(0x000000001a840000,0x000000001a940000)]
  0x0000000018c7f000 JavaThread "C2 CompilerThread1" daemon [_thread_blocked, id=3008, stack(0x000000001a560000,0x000000001a660000)]
  0x0000000018c74800 JavaThread "C2 CompilerThread0" daemon [_thread_blocked, id=7836, stack(0x000000001a3d0000,0x000000001a4d0000)]
  0x0000000018c6d000 JavaThread "Attach Listener" daemon [_thread_blocked, id=9060, stack(0x000000001a240000,0x000000001a340000)]
  0x0000000018c6c000 JavaThread "Signal Dispatcher" daemon [_thread_blocked, id=7184, stack(0x000000001a140000,0x000000001a240000)]
=>0x0000000017aae000 JavaThread "Finalizer" daemon [_thread_in_native, id=8824, stack(0x0000000019d40000,0x0000000019e40000)]
  0x0000000017aa7000 JavaThread "Reference Handler" daemon [_thread_blocked, id=6012, stack(0x0000000019eb0000,0x0000000019fb0000)]

Other Threads:
  0x0000000018c23000 VMThread [stack: 0x0000000019c00000,0x0000000019d00000] [id=9000]
  0x0000000018d0f000 WatcherThread [stack: 0x000000001ac60000,0x000000001ad60000] [id=9480]

VM state:at safepoint (normal execution)

VM Mutex/Monitor currently owned by a thread:  ([mutex/lock_event])
[0x00000000023acab0] Threads_lock - owner thread: 0x0000000018c23000
[0x00000000023acfb0] Heap_lock - owner thread: 0x000000001b150000

Heap:
 PSYoungGen      total 38400K, used 160K [0x00000000d5b80000, 0x00000000d8600000, 0x0000000100000000)
  eden space 33280K, 0% used [0x00000000d5b80000,0x00000000d5b80000,0x00000000d7c00000)
  from space 5120K, 3% used [0x00000000d7c00000,0x00000000d7c28000,0x00000000d8100000)
  to   space 5120K, 0% used [0x00000000d8100000,0x00000000d8100000,0x00000000d8600000)
 ParOldGen       total 87552K, used 1246K [0x0000000081200000, 0x0000000086780000, 0x00000000d5b80000)
  object space 87552K, 1% used [0x0000000081200000,0x0000000081337ae0,0x0000000086780000)
 Metaspace       used 7514K, capacity 7584K, committed 7808K, reserved 1056768K
  class space    used 819K, capacity 848K, committed 896K, reserved 1048576K

Card table byte_map: [0x0000000011dc0000,0x00000000121c0000] byte_map_base: 0x00000000119b7000

Marking Bits: (ParMarkBitMap*) 0x0000000070c4d850
 Begin Bits: [0x0000000012d50000, 0x0000000014d08000)
 End Bits:   [0x0000000014d08000, 0x0000000016cc0000)

Polling page: 0x0000000000220000

CodeCache: size=245760Kb used=2026Kb max_used=2047Kb free=243733Kb
 bounds [0x0000000002a00000, 0x0000000002c70000, 0x0000000011a00000]
 total_blobs=723 nmethods=405 adapters=231
 compilation: enabled

Compilation events (10 events):
Event: 2.049 Thread 0x0000000018c87800  399       3       java.lang.System$2::invokeFinalize (5 bytes)
Event: 2.049 Thread 0x0000000018c87800 nmethod 399 0x0000000002bf7210 code [0x0000000002bf7380, 0x0000000002bf75a8]
Event: 2.049 Thread 0x0000000018c87800  400       3       java.lang.ref.Reference::clear (6 bytes)
Event: 2.050 Thread 0x0000000018c87800 nmethod 400 0x0000000002bf7650 code [0x0000000002bf77a0, 0x0000000002bf7910]
Event: 2.050 Thread 0x0000000018c87800  401       3       java.lang.ref.Finalizer::hasBeenFinalized (14 bytes)
Event: 2.050 Thread 0x0000000018c87800 nmethod 401 0x0000000002bf7990 code [0x0000000002bf7ae0, 0x0000000002bf7c90]
Event: 2.050 Thread 0x0000000018c87800  398   !   3       java.lang.ref.Finalizer::remove (94 bytes)
Event: 2.050 Thread 0x0000000018c87800 nmethod 398 0x0000000002bf7d10 code [0x0000000002bf7e80, 0x0000000002bf8350]
Event: 2.054 Thread 0x0000000018c87800  402       3       java.lang.reflect.AccessibleObject::setAccessible0 (42 bytes)
Event: 2.055 Thread 0x0000000018c87800 nmethod 402 0x0000000002bfa090 code [0x0000000002bfa220, 0x0000000002bfa768]

GC Heap History (8 events):
Event: 1.991 GC heap before
{Heap before GC invocations=1 (full 0):
 PSYoungGen      total 38400K, used 14691K [0x00000000d5b80000, 0x00000000d8600000, 0x0000000100000000)
  eden space 33280K, 44% used [0x00000000d5b80000,0x00000000d69d8c30,0x00000000d7c00000)
  from space 5120K, 0% used [0x00000000d8100000,0x00000000d8100000,0x00000000d8600000)
  to   space 5120K, 0% used [0x00000000d7c00000,0x00000000d7c00000,0x00000000d8100000)
 ParOldGen       total 87552K, used 0K [0x0000000081200000, 0x0000000086780000, 0x00000000d5b80000)
  object space 87552K, 0% used [0x0000000081200000,0x0000000081200000,0x0000000086780000)
 Metaspace       used 7383K, capacity 7520K, committed 7808K, reserved 1056768K
  class space    used 804K, capacity 848K, committed 896K, reserved 1048576K
Event: 2.031 GC heap after
Heap after GC invocations=1 (full 0):
 PSYoungGen      total 38400K, used 2976K [0x00000000d5b80000, 0x00000000d8600000, 0x0000000100000000)
  eden space 33280K, 0% used [0x00000000d5b80000,0x00000000d5b80000,0x00000000d7c00000)
  from space 5120K, 58% used [0x00000000d7c00000,0x00000000d7ee8020,0x00000000d8100000)
  to   space 5120K, 0% used [0x00000000d8100000,0x00000000d8100000,0x00000000d8600000)
 ParOldGen       total 87552K, used 72K [0x0000000081200000, 0x0000000086780000, 0x00000000d5b80000)
  object space 87552K, 0% used [0x0000000081200000,0x0000000081212010,0x0000000086780000)
 Metaspace       used 7383K, capacity 7520K, committed 7808K, reserved 1056768K
  class space    used 804K, capacity 848K, committed 896K, reserved 1048576K
}
Event: 2.031 GC heap before
{Heap before GC invocations=2 (full 1):
 PSYoungGen      total 38400K, used 2976K [0x00000000d5b80000, 0x00000000d8600000, 0x0000000100000000)
  eden space 33280K, 0% used [0x00000000d5b80000,0x00000000d5b80000,0x00000000d7c00000)
  from space 5120K, 58% used [0x00000000d7c00000,0x00000000d7ee8020,0x00000000d8100000)
  to   space 5120K, 0% used [0x00000000d8100000,0x00000000d8100000,0x00000000d8600000)
 ParOldGen       total 87552K, used 72K [0x0000000081200000, 0x0000000086780000, 0x00000000d5b80000)
  object space 87552K, 0% used [0x0000000081200000,0x0000000081212010,0x0000000086780000)
 Metaspace       used 7383K, capacity 7520K, committed 7808K, reserved 1056768K
  class space    used 804K, capacity 848K, committed 896K, reserved 1048576K
Event: 2.047 GC heap after
Heap after GC invocations=2 (full 1):
 PSYoungGen      total 38400K, used 0K [0x00000000d5b80000, 0x00000000d8600000, 0x0000000100000000)
  eden space 33280K, 0% used [0x00000000d5b80000,0x00000000d5b80000,0x00000000d7c00000)
  from space 5120K, 0% used [0x00000000d7c00000,0x00000000d7c00000,0x00000000d8100000)
  to   space 5120K, 0% used [0x00000000d8100000,0x00000000d8100000,0x00000000d8600000)
 ParOldGen       total 87552K, used 2806K [0x0000000081200000, 0x0000000086780000, 0x00000000d5b80000)
  object space 87552K, 3% used [0x0000000081200000,0x00000000814bd8a0,0x0000000086780000)
 Metaspace       used 7383K, capacity 7520K, committed 7808K, reserved 1056768K
  class space    used 804K, capacity 848K, committed 896K, reserved 1048576K
}
Event: 2.056 GC heap before
{Heap before GC invocations=3 (full 1):
 PSYoungGen      total 38400K, used 2996K [0x00000000d5b80000, 0x00000000d8600000, 0x0000000100000000)
  eden space 33280K, 9% used [0x00000000d5b80000,0x00000000d5e6d050,0x00000000d7c00000)
  from space 5120K, 0% used [0x00000000d7c00000,0x00000000d7c00000,0x00000000d8100000)
  to   space 5120K, 0% used [0x00000000d8100000,0x00000000d8100000,0x00000000d8600000)
 ParOldGen       total 87552K, used 2806K [0x0000000081200000, 0x0000000086780000, 0x00000000d5b80000)
  object space 87552K, 3% used [0x0000000081200000,0x00000000814bd8a0,0x0000000086780000)
 Metaspace       used 7474K, capacity 7584K, committed 7808K, reserved 1056768K
  class space    used 813K, capacity 848K, committed 896K, reserved 1048576K
Event: 2.057 GC heap after
Heap after GC invocations=3 (full 1):
 PSYoungGen      total 38400K, used 192K [0x00000000d5b80000, 0x00000000d8600000, 0x0000000100000000)
  eden space 33280K, 0% used [0x00000000d5b80000,0x00000000d5b80000,0x00000000d7c00000)
  from space 5120K, 3% used [0x00000000d8100000,0x00000000d8130000,0x00000000d8600000)
  to   space 5120K, 0% used [0x00000000d7c00000,0x00000000d7c00000,0x00000000d8100000)
 ParOldGen       total 87552K, used 2814K [0x0000000081200000, 0x0000000086780000, 0x00000000d5b80000)
  object space 87552K, 3% used [0x0000000081200000,0x00000000814bf8a0,0x0000000086780000)
 Metaspace       used 7474K, capacity 7584K, committed 7808K, reserved 1056768K
  class space    used 813K, capacity 848K, committed 896K, reserved 1048576K
}
Event: 2.057 GC heap before
{Heap before GC invocations=4 (full 2):
 PSYoungGen      total 38400K, used 192K [0x00000000d5b80000, 0x00000000d8600000, 0x0000000100000000)
  eden space 33280K, 0% used [0x00000000d5b80000,0x00000000d5b80000,0x00000000d7c00000)
  from space 5120K, 3% used [0x00000000d8100000,0x00000000d8130000,0x00000000d8600000)
  to   space 5120K, 0% used [0x00000000d7c00000,0x00000000d7c00000,0x00000000d8100000)
 ParOldGen       total 87552K, used 2814K [0x0000000081200000, 0x0000000086780000, 0x00000000d5b80000)
  object space 87552K, 3% used [0x0000000081200000,0x00000000814bf8a0,0x0000000086780000)
 Metaspace       used 7474K, capacity 7584K, committed 7808K, reserved 1056768K
  class space    used 813K, capacity 848K, committed 896K, reserved 1048576K
Event: 2.071 GC heap after
Heap after GC invocations=4 (full 2):
 PSYoungGen      total 38400K, used 0K [0x00000000d5b80000, 0x00000000d8600000, 0x0000000100000000)
  eden space 33280K, 0% used [0x00000000d5b80000,0x00000000d5b80000,0x00000000d7c00000)
  from space 5120K, 0% used [0x00000000d8100000,0x00000000d8100000,0x00000000d8600000)
  to   space 5120K, 0% used [0x00000000d7c00000,0x00000000d7c00000,0x00000000d8100000)
 ParOldGen       total 87552K, used 1246K [0x0000000081200000, 0x0000000086780000, 0x00000000d5b80000)
  object space 87552K, 1% used [0x0000000081200000,0x0000000081337ae0,0x0000000086780000)
 Metaspace       used 7474K, capacity 7584K, committed 7808K, reserved 1056768K
  class space    used 813K, capacity 848K, committed 896K, reserved 1048576K
}

Deoptimization events (0 events):
No events

Internal exceptions (9 events):
Event: 0.048 Thread 0x00000000023af000 Exception <a 'java/lang/NoSuchMethodError': Method sun.misc.Unsafe.defineClass(Ljava/lang/String;[BII)Ljava/lang/Class; name or signature does not match> (0x00000000d5b87ca8) thrown at [C:\re\workspace\8-2-build-windows-amd64-cygwin\jdk8u144\9417\hotspot\
Event: 0.048 Thread 0x00000000023af000 Exception <a 'java/lang/NoSuchMethodError': Method sun.misc.Unsafe.prefetchRead(Ljava/lang/Object;J)V name or signature does not match> (0x00000000d5b87f90) thrown at [C:\re\workspace\8-2-build-windows-amd64-cygwin\jdk8u144\9417\hotspot\src\share\vm\prims
Event: 0.123 Thread 0x00000000023af000 Exception <a 'java/security/PrivilegedActionException'> (0x00000000d5d6b0b8) thrown at [C:\re\workspace\8-2-build-windows-amd64-cygwin\jdk8u144\9417\hotspot\src\share\vm\prims\jvm.cpp, line 1390]
Event: 0.123 Thread 0x00000000023af000 Exception <a 'java/security/PrivilegedActionException'> (0x00000000d5d6b2c8) thrown at [C:\re\workspace\8-2-build-windows-amd64-cygwin\jdk8u144\9417\hotspot\src\share\vm\prims\jvm.cpp, line 1390]
Event: 0.123 Thread 0x00000000023af000 Exception <a 'java/security/PrivilegedActionException'> (0x00000000d5d6ef38) thrown at [C:\re\workspace\8-2-build-windows-amd64-cygwin\jdk8u144\9417\hotspot\src\share\vm\prims\jvm.cpp, line 1390]
Event: 0.123 Thread 0x00000000023af000 Exception <a 'java/security/PrivilegedActionException'> (0x00000000d5d6f148) thrown at [C:\re\workspace\8-2-build-windows-amd64-cygwin\jdk8u144\9417\hotspot\src\share\vm\prims\jvm.cpp, line 1390]
Event: 0.387 Thread 0x00000000023af000 Exception <a 'java/lang/ArrayIndexOutOfBoundsException'> (0x00000000d60b6e58) thrown at [C:\re\workspace\8-2-build-windows-amd64-cygwin\jdk8u144\9417\hotspot\src\share\vm\runtime\sharedRuntime.cpp, line 605]
Event: 0.387 Thread 0x00000000023af000 Exception <a 'java/lang/ArrayIndexOutOfBoundsException'> (0x00000000d60b7d00) thrown at [C:\re\workspace\8-2-build-windows-amd64-cygwin\jdk8u144\9417\hotspot\src\share\vm\runtime\sharedRuntime.cpp, line 605]
Event: 0.388 Thread 0x00000000023af000 Exception <a 'java/lang/ArrayIndexOutOfBoundsException'> (0x00000000d60c26f0) thrown at [C:\re\workspace\8-2-build-windows-amd64-cygwin\jdk8u144\9417\hotspot\src\share\vm\runtime\sharedRuntime.cpp, line 605]

Events (10 events):
Event: 2.052 loading class sun/reflect/UnsafeStaticObjectFieldAccessorImpl
Event: 2.052 loading class sun/reflect/UnsafeStaticObjectFieldAccessorImpl done
Event: 2.054 loading class com/trolltech/qt/gui/QBrush
Event: 2.054 loading class com/trolltech/qt/gui/QBrush done
Event: 2.056 Executing VM operation: ParallelGCSystemGC
Event: 2.071 Executing VM operation: ParallelGCSystemGC done
Event: 2.072 Thread 0x000000001b400000 Thread added: 0x000000001b400000
Event: 2.072 Thread 0x000000001b400000 Thread exited: 0x000000001b400000
Event: 2.072 loading class com/trolltech/qt/internal/fileengine/JarCache
Event: 2.072 loading class com/trolltech/qt/internal/fileengine/JarCache done


Dynamic libraries:
0x000000013f4b0000 - 0x000000013f4e7000 	C:\Program Files\Java\jre1.8.0_144\bin\javaw.exe
0x0000000077540000 - 0x00000000776ea000 	C:\windows\SYSTEM32\ntdll.dll
0x0000000077420000 - 0x000000007753f000 	C:\windows\system32\kernel32.dll
0x000007fefd410000 - 0x000007fefd47a000 	C:\windows\system32\KERNELBASE.dll
0x000007fefdc10000 - 0x000007fefdceb000 	C:\windows\system32\ADVAPI32.dll
0x000007fefd980000 - 0x000007fefda1f000 	C:\windows\system32\msvcrt.dll
0x000007fefe170000 - 0x000007fefe18f000 	C:\windows\SYSTEM32\sechost.dll
0x000007fefe500000 - 0x000007fefe62d000 	C:\windows\system32\RPCRT4.dll
0x0000000077320000 - 0x000000007741a000 	C:\windows\system32\USER32.dll
0x000007fefdba0000 - 0x000007fefdc07000 	C:\windows\system32\GDI32.dll
0x000007fefe640000 - 0x000007fefe64e000 	C:\windows\system32\LPK.dll
0x000007fefdf20000 - 0x000007fefdfeb000 	C:\windows\system32\USP10.dll
0x000007fefb9b0000 - 0x000007fefbba4000 	C:\windows\WinSxS\amd64_microsoft.windows.common-controls_6595b64144ccf1df_6.0.7601.18837_none_fa3b1e3d17594757\COMCTL32.dll
0x000007fefe7e0000 - 0x000007fefe851000 	C:\windows\system32\SHLWAPI.dll
0x000007fefdcf0000 - 0x000007fefdd1e000 	C:\windows\system32\IMM32.DLL
0x000007fefda20000 - 0x000007fefdb29000 	C:\windows\system32\MSCTF.dll
0x0000000078dd0000 - 0x0000000078ea2000 	C:\Program Files\Java\jre1.8.0_144\bin\msvcr100.dll
0x0000000070430000 - 0x0000000070ccd000 	C:\Program Files\Java\jre1.8.0_144\bin\server\jvm.dll
0x000007fef1990000 - 0x000007fef1999000 	C:\windows\system32\WSOCK32.dll
0x000007fefdb30000 - 0x000007fefdb7d000 	C:\windows\system32\WS2_32.dll
0x000007fefe630000 - 0x000007fefe638000 	C:\windows\system32\NSI.dll
0x000007fefae00000 - 0x000007fefae3b000 	C:\windows\system32\WINMM.dll
0x000007fefc310000 - 0x000007fefc31c000 	C:\windows\system32\VERSION.dll
0x0000000077710000 - 0x0000000077717000 	C:\windows\system32\PSAPI.DLL
0x0000000065970000 - 0x000000006597f000 	C:\Program Files\Java\jre1.8.0_144\bin\verify.dll
0x0000000052c60000 - 0x0000000052c89000 	C:\Program Files\Java\jre1.8.0_144\bin\java.dll
0x0000000053200000 - 0x0000000053216000 	C:\Program Files\Java\jre1.8.0_144\bin\zip.dll
0x000007fefe8e0000 - 0x000007feff66b000 	C:\windows\system32\SHELL32.dll
0x000007fefdd20000 - 0x000007fefdf1c000 	C:\windows\system32\ole32.dll
0x000007fefd240000 - 0x000007fefd24f000 	C:\windows\system32\profapi.dll
0x00000000667b0000 - 0x0000000066a8e000 	C:\Users\SARPROJA\AppData\Local\Temp\QtJambi_SARPROJA_amd64_4.8.7_msvc2013x64-20150908-1314\lib\QtCore4.dll
0x000007fed4150000 - 0x000007fed41f6000 	C:\Program Files\Java\jre1.8.0_144\bin\MSVCP120.dll
0x000007fed3450000 - 0x000007fed353f000 	C:\Program Files\Java\jre1.8.0_144\bin\MSVCR120.dll
0x000007feec640000 - 0x000007feec680000 	C:\Users\SARPROJA\AppData\Local\Temp\QtJambi_SARPROJA_amd64_4.8.7_msvc2013x64-20150908-1314\lib\qtjambi.dll
0x000007fed1ae0000 - 0x000007fed1c0f000 	C:\Users\SARPROJA\AppData\Local\Temp\QtJambi_SARPROJA_amd64_4.8.7_msvc2013x64-20150908-1314\lib\com_trolltech_qt_core.dll
0x0000000064260000 - 0x0000000064bce000 	C:\Users\SARPROJA\AppData\Local\Temp\QtJambi_SARPROJA_amd64_4.8.7_msvc2013x64-20150908-1314\lib\QtGui4.dll
0x000007fefe190000 - 0x000007fefe227000 	C:\windows\system32\COMDLG32.dll
0x000007fefdff0000 - 0x000007fefe0ca000 	C:\windows\system32\OLEAUT32.dll
0x000007fefac00000 - 0x000007fefac71000 	C:\windows\system32\WINSPOOL.DRV
0x000007fed13b0000 - 0x000007fed1adf000 	C:\Users\SARPROJA\AppData\Local\Temp\QtJambi_SARPROJA_amd64_4.8.7_msvc2013x64-20150908-1314\lib\com_trolltech_qt_gui.dll
0x000007fefb7d0000 - 0x000007fefb826000 	C:\windows\system32\uxtheme.dll
0x000007fefaf40000 - 0x000007fefaf58000 	C:\windows\system32\dwmapi.dll
0x000007fefd090000 - 0x000007fefd09f000 	C:\windows\system32\CRYPTBASE.dll
0x000007fed7b20000 - 0x000007fed7ced000 	C:\windows\system32\wintab32.dll
0x000007fefaf70000 - 0x000007fefaf81000 	C:\windows\system32\WTSAPI32.dll
0x000007fef8e40000 - 0x000007fef9022000 	C:\windows\system32\Wacom_Tablet.dll
0x000007fefca20000 - 0x000007fefca38000 	C:\windows\system32\CRYPTSP.dll
0x000007fefc720000 - 0x000007fefc767000 	C:\windows\system32\rsaenh.dll
0x000007fefd180000 - 0x000007fefd194000 	C:\windows\system32\RpcRtRemote.dll
0x000007fefe0d0000 - 0x000007fefe169000 	C:\windows\system32\CLBCatQ.DLL
0x000007fef6ab0000 - 0x000007fef6abd000 	C:\Users\SARPROJA\AppData\Local\Temp\QtJambi_SARPROJA_amd64_4.8.7_msvc2013x64-20150908-1314\plugins\imageformats\qgif4.dll
0x000007fef6aa0000 - 0x000007fef6aae000 	C:\Users\SARPROJA\AppData\Local\Temp\QtJambi_SARPROJA_amd64_4.8.7_msvc2013x64-20150908-1314\plugins\imageformats\qico4.dll
0x000007feec710000 - 0x000007feec74d000 	C:\Users\SARPROJA\AppData\Local\Temp\QtJambi_SARPROJA_amd64_4.8.7_msvc2013x64-20150908-1314\plugins\imageformats\qjpeg4.dll
0x000007fed7f20000 - 0x000007fed7f69000 	C:\Users\SARPROJA\AppData\Local\Temp\QtJambi_SARPROJA_amd64_4.8.7_msvc2013x64-20150908-1314\plugins\imageformats\qmng4.dll
0x000007fed7800000 - 0x000007fed785b000 	C:\Users\SARPROJA\AppData\Local\Temp\QtJambi_SARPROJA_amd64_4.8.7_msvc2013x64-20150908-1314\plugins\imageformats\qtiff4.dll
0x000007fefa700000 - 0x000007fefa7a0000 	C:\windows\WinSxS\amd64_microsoft.windows.common-controls_6595b64144ccf1df_5.82.7601.18837_none_a4d981ff711297b6\comctl32.dll
0x000007feecba0000 - 0x000007feeccc5000 	C:\windows\system32\dbghelp.dll

VM Arguments:
jvm_args: -Dfile.encoding=UTF-8 
java_command: jElecLum.ElecLum
java_class_path (initial): C:\Users\SARPROJA\Google Drive\Personnel\Java\jElecLum\bin;C:\qtJambi\qtjambi-4.8.7.jar;C:\qtJambi\qtjambi-native-win64-msvc2013x64-4.8.7.jar
Launcher Type: SUN_STANDARD

Environment Variables:
PATH=C:/Program Files/Java/jre1.8.0_144/bin/server;C:/Program Files/Java/jre1.8.0_144/bin;C:/Program Files/Java/jre1.8.0_144/lib/amd64;C:\Program Files (x86)\PC Connectivity Solution\;C:\Program Files\ImageMagick-6.9.3-Q16;C:\Software\Octave-3.6.4\bin;C:\Program Files (x86)\Qucs\bin;C:\ProgramData\Oracle\Java\javapath;C:\Program Files (x86)\Gtk+\bin;C:\Python27\;C:\Python34\;c:\Program Files (x86)\Intel\iCLS Client\;c:\Program Files\Intel\iCLS Client\;C:\windows\system32;C:\windows;C:\windows\System32\Wbem;C:\windows\System32\WindowsPowerShell\v1.0\;C:\Program Files (x86)\Common Files\Alpi Shared\;C:\Program Files (x86)\Common Files\ALPI Shared;C:\GTK-32bit-3-6-4\bin;C:\Program Files\Intel\Intel(R) Management Engine Components\DAL;C:\Program Files (x86)\Intel\Intel(R) Management Engine Components\DAL;C:\Program Files\Intel\Intel(R) Management Engine Components\IPT;C:\Program Files (x86)\Intel\Intel(R) Management Engine Components\IPT;C:\MinGW\bin\;C:\Program Files (x86)\Autodesk\Backburner\;C:\Program Files (x86)\Common Files\Autodesk Shared\;C:\Program Files (x86)\mingw32\bin;c:\iverilog\bin;c:\iverilog\gtkwave\bin;c:\curl.exe;C:\Python34\Scripts\;C:\Program Files\ImageMagick-6.9.3-Q16;C:\GTK-32bit-3-6-4\bin;C:\MinGW\bin;C:\curl.exe;C:\Users\SARPROJA\Desktop;
USERNAME=SARPROJA
OS=Windows_NT
PROCESSOR_IDENTIFIER=Intel64 Family 6 Model 60 Stepping 3, GenuineIntel



---------------  S Y S T E M  ---------------

OS: Windows 7 , 64 bit Build 7601 (6.1.7601.23864)

CPU:total 8 (initial active 8) (4 cores per cpu, 2 threads per core) family 6 model 60 stepping 3, cmov, cx8, fxsr, mmx, sse, sse2, sse3, ssse3, sse4.1, sse4.2, popcnt, avx, avx2, aes, clmul, erms, rtm, lzcnt, ht, tsc, tscinvbit, bmi1, bmi2

Memory: 4k page, physical 8309688k(2150328k free), swap 16617516k(8231460k free)

vm_info: Java HotSpot(TM) 64-Bit Server VM (25.144-b01) for windows-amd64 JRE (1.8.0_144-b01), built on Jul 21 2017 21:57:33 by "java_re" with MS VC++ 10.0 (VS2010)

time: Thu Sep 07 15:25:40 2017
elapsed time: 2 seconds (0d 0h 0m 2s)

